This is METAFONT, Version 2.7182818 (TeX Live 2020) (preloaded base=mf 2025.11.10)  12 NOV 2025 09:25
**sixFitsForDetID_Study_rz_.png threeBadFits_rz.png
(sixFitsForDetID_Study_rz_.png
! Text line contains an invalid character.
l.1 â
     PNG
? 
! Interruption.
<to be read again> 
                   PNG
l.1 âPNG
        
? ^^[[A
Type <return> to proceed, S to scroll future error messages,
R to run without stopping, Q to run quietly,
I to insert something, E to edit your file,
H for help, X to quit.
? 
! Text line contains an invalid character.
l.2 ^^Z
       
? 
! Text line contains an invalid character.
l.3 ^^@
       ^^@^^@
? 
! Text line contains an invalid character.
l.3 ^^@^^@
          ^^@
? 
! Text line contains an invalid character.
l.3 ^^@^^@^^@
             
? 
! Interruption.
l.4 
    IHDR^^@^^@^^BÄ^^@^^@^^A‡^^H^^F^^@^^@^^@5—‹‰^^@^^@^^@9tEXtSoftware^^@Matp...

? 
! Text line contains an invalid character.
l.4 IHDR^^@
           ^^@^^BÄ^^@^^@^^A‡^^H^^F^^@^^@^^@5—‹‰^^@^^@^^@9tEXtSoftware^^@Matp...

? 
! Text line contains an invalid character.
l.4 IHDR^^@^^@
              ^^BÄ^^@^^@^^A‡^^H^^F^^@^^@^^@5—‹‰^^@^^@^^@9tEXtSoftware^^@Matp...

? 
! Text line contains an invalid character.
l.4 IHDR^^@^^@^^B
                 Ä^^@^^@^^A‡^^H^^F^^@^^@^^@5—‹‰^^@^^@^^@9tEXtSoftware^^@Matp...

? 
! Text line contains an invalid character.
l.4 IHDR^^@^^@^^BÄ
                  ^^@^^@^^A‡^^H^^F^^@^^@^^@5—‹‰^^@^^@^^@9tEXtSoftware^^@Matp...

? 
! Text line contains an invalid character.
l.4 IHDR^^@^^@^^BÄ^^@
                     ^^@^^A‡^^H^^F^^@^^@^^@5—‹‰^^@^^@^^@9tEXtSoftware^^@Matp...

? 
! Text line contains an invalid character.
l.4 IHDR^^@^^@^^BÄ^^@^^@
                        ^^A‡^^H^^F^^@^^@^^@5—‹‰^^@^^@^^@9tEXtSoftware^^@Matp...

? ^^[:q
Type <return> to proceed, S to scroll future error messages,
R to run without stopping, Q to run quietly,
I to insert something, E to edit your file,
H for help, X to quit.
? 
! Text line contains an invalid character.
l.4 IHDR^^@^^@^^BÄ^^@^^@^^A
                           ‡^^H^^F^^@^^@^^@5—‹‰^^@^^@^^@9tEXtSoftware^^@Matp...

? X

